<?xml version="1.0" encoding="UTF-8"?>
<!-- Generated by org.testng.reporters.JUnitXMLReporter -->
<testsuite ignored="5" hostname="DESKTOP-6GVOOPD" failures="0" tests="1" name="Default test(failed)" time="49.312" errors="0" timestamp="2023-10-07T22:06:01 IST">
  <testcase classname="crmtests.HomePageTest" name="validateRedirectionOfcreateNewContactLinkTest" time="5.884"/>
  <testcase classname="crmtests.HomePageTest" name="validateRedirectionOfCreateNewCompanyLinkTest" time="0.0">
    <ignored/>
  </testcase> <!-- validateRedirectionOfCreateNewCompanyLinkTest -->
  <testcase classname="crmtests.HomePageTest" name="valdiateHomePageTitleTest" time="0.0">
    <ignored/>
  </testcase> <!-- valdiateHomePageTitleTest -->
  <testcase classname="crmtests.HomePageTest" name="validateRedirectionOfCreateNewDealTest" time="0.0">
    <ignored/>
  </testcase> <!-- validateRedirectionOfCreateNewDealTest -->
  <testcase classname="crmtests.HomePageTest" name="validateRedirectionOfCreateNewTaskLinkTest" time="0.0">
    <ignored/>
  </testcase> <!-- validateRedirectionOfCreateNewTaskLinkTest -->
  <testcase classname="crmtests.HomePageTest" name="validateLogoutTest" time="0.0">
    <ignored/>
  </testcase> <!-- validateLogoutTest -->
</testsuite> <!-- Default test(failed) -->
