<?xml version="1.0" encoding="UTF-8"?>
<!-- Generated by org.testng.reporters.JUnitXMLReporter -->
<testsuite ignored="0" hostname="DESKTOP-6GVOOPD" failures="0" tests="6" name="Default test" time="257.871" errors="0" timestamp="2023-10-11T21:52:46 IST">
  <testcase classname="crmtests.NewContactsPageTest" name="valdiateCreateNewContactTest1" time="8.519"/>
  <testcase classname="crmtests.NewContactsPageTest" name="valdiateCreateNewContactTest1" time="9.071"/>
  <testcase classname="crmtests.NewContactsPageTest" name="valdiateCreateNewContactTest1" time="8.416"/>
  <testcase classname="crmtests.NewContactsPageTest" name="valdiateCreateNewContactTest1" time="9.471"/>
  <testcase classname="crmtests.NewContactsPageTest" name="valdiateCreateNewContactTest1" time="7.861"/>
  <testcase classname="crmtests.NewContactsPageTest" name="valdiateCreateNewContactTest1" time="8.541"/>
</testsuite> <!-- Default test -->
