<?xml version="1.0" encoding="UTF-8"?>
<!-- Generated by org.testng.reporters.JUnitXMLReporter -->
<testsuite ignored="0" hostname="DESKTOP-6GVOOPD" failures="0" tests="7" name="Test" time="256.636" errors="0" timestamp="2023-10-07T22:18:14 IST">
  <testcase classname="crmtests.HomePageTest" name="valdiateHomePageTitleTest" time="0.246"/>
  <testcase classname="crmtests.HomePageTest" name="validateLogoutTest" time="3.249"/>
  <testcase classname="crmtests.HomePageTest" name="validateRedirectionOfCreateNewCompanyLinkTest" time="4.402"/>
  <testcase classname="crmtests.HomePageTest" name="validateRedirectionOfCreateNewDealTest" time="4.418"/>
  <testcase classname="crmtests.HomePageTest" name="validateRedirectionOfCreateNewTaskLinkTest" time="4.709"/>
  <testcase classname="crmtests.HomePageTest" name="validateRedirectionOfcreateNewContactLinkTest" time="5.118"/>
  <testcase classname="crmtests.NewContactsPageTest" name="valdiateCreateNewContactTest" time="8.357"/>
</testsuite> <!-- Test -->
