<?xml version="1.0" encoding="UTF-8"?>
<testng-results skipped="0" failed="0" ignored="0" total="1" passed="1">
  <reporter-output>
  </reporter-output>
  <suite name="Suite" duration-ms="44077" started-at="2023-10-06T16:58:26Z" finished-at="2023-10-06T16:59:10Z">
    <groups>
    </groups>
    <test name="Test" duration-ms="44077" started-at="2023-10-06T16:58:26Z" finished-at="2023-10-06T16:59:10Z">
      <class name="crmtests.NewContactsPageTest">
        <test-method status="PASS" signature="init()[pri:0, instance:crmtests.NewContactsPageTest@15deb1dc]" name="init" is-config="true" duration-ms="36904" started-at="2023-10-06T16:58:26Z" finished-at="2023-10-06T16:59:03Z">
          <reporter-output>
          </reporter-output>
        </test-method> <!-- init -->
        <test-method status="PASS" signature="valdiateCreateNewContactTest()[pri:0, instance:crmtests.NewContactsPageTest@15deb1dc]" name="valdiateCreateNewContactTest" duration-ms="6513" started-at="2023-10-06T16:59:03Z" finished-at="2023-10-06T16:59:10Z">
          <reporter-output>
          </reporter-output>
        </test-method> <!-- valdiateCreateNewContactTest -->
        <test-method status="PASS" signature="tearDown()[pri:0, instance:crmtests.NewContactsPageTest@15deb1dc]" name="tearDown" is-config="true" duration-ms="247" started-at="2023-10-06T16:59:10Z" finished-at="2023-10-06T16:59:10Z">
          <reporter-output>
          </reporter-output>
        </test-method> <!-- tearDown -->
      </class> <!-- crmtests.NewContactsPageTest -->
    </test> <!-- Test -->
  </suite> <!-- Suite -->
</testng-results>
